This file contains any messages produced by compilers while
running configure, to aid debugging if configure makes a mistake.

It was created by otserv configure 0.6.3.SVN, which was
generated by GNU Autoconf 2.69.  Invocation command line was

  $ ./configure --enable-mysql --enable-server-diag

## --------- ##
## Platform. ##
## --------- ##

hostname = debian
uname -m = x86_64
uname -r = 4.9.0-14-amd64
uname -s = Linux
uname -v = #1 SMP Debian 4.9.246-2 (2020-12-17)

/usr/bin/uname -p = unknown
/bin/uname -X     = unknown

/bin/arch              = unknown
/usr/bin/arch -k       = unknown
/usr/convex/getsysinfo = unknown
/usr/bin/hostinfo      = unknown
/bin/machine           = unknown
/usr/bin/oslevel       = unknown
/bin/universe          = unknown

PATH: /usr/local/sbin
PATH: /usr/local/bin
PATH: /usr/sbin
PATH: /usr/bin
PATH: /sbin
PATH: /bin


## ----------- ##
## Core tests. ##
## ----------- ##

configure:2453: checking for a BSD-compatible install
configure:2521: result: /usr/bin/install -c
configure:2532: checking whether build environment is sane
configure:2587: result: yes
configure:2738: checking for a thread-safe mkdir -p
configure:2777: result: /bin/mkdir -p
configure:2784: checking for gawk
configure:2800: found /usr/bin/gawk
configure:2811: result: gawk
configure:2822: checking whether make sets $(MAKE)
configure:2844: result: yes
configure:2873: checking whether make supports nested variables
configure:2890: result: yes
configure:3079: checking for g++
configure:3095: found /usr/bin/g++
configure:3106: result: g++
configure:3133: checking for C++ compiler version
configure:3142: g++ --version >&5
g++ (Debian 6.3.0-18+deb9u1) 6.3.0 20170516
Copyright (C) 2016 Free Software Foundation, Inc.
This is free software; see the source for copying conditions.  There is NO
warranty; not even for MERCHANTABILITY or FITNESS FOR A PARTICULAR PURPOSE.

configure:3153: $? = 0
configure:3142: g++ -v >&5
Using built-in specs.
COLLECT_GCC=g++
COLLECT_LTO_WRAPPER=/usr/lib/gcc/x86_64-linux-gnu/6/lto-wrapper
Target: x86_64-linux-gnu
Configured with: ../src/configure -v --with-pkgversion='Debian 6.3.0-18+deb9u1' --with-bugurl=file:///usr/share/doc/gcc-6/README.Bugs --enable-languages=c,ada,c++,java,go,d,fortran,objc,obj-c++ --prefix=/usr --program-suffix=-6 --program-prefix=x86_64-linux-gnu- --enable-shared --enable-linker-build-id --libexecdir=/usr/lib --without-included-gettext --enable-threads=posix --libdir=/usr/lib --enable-nls --with-sysroot=/ --enable-clocale=gnu --enable-libstdcxx-debug --enable-libstdcxx-time=yes --with-default-libstdcxx-abi=new --enable-gnu-unique-object --disable-vtable-verify --enable-libmpx --enable-plugin --enable-default-pie --with-system-zlib --disable-browser-plugin --enable-java-awt=gtk --enable-gtk-cairo --with-java-home=/usr/lib/jvm/java-1.5.0-gcj-6-amd64/jre --enable-java-home --with-jvm-root-dir=/usr/lib/jvm/java-1.5.0-gcj-6-amd64 --with-jvm-jar-dir=/usr/lib/jvm-exports/java-1.5.0-gcj-6-amd64 --with-arch-directory=amd64 --with-ecj-jar=/usr/share/java/eclipse-ecj.jar --with-target-system-zlib --enable-objc-gc=auto --enable-multiarch --with-arch-32=i686 --with-abi=m64 --with-multilib-list=m32,m64,mx32 --enable-multilib --with-tune=generic --enable-checking=release --build=x86_64-linux-gnu --host=x86_64-linux-gnu --target=x86_64-linux-gnu
Thread model: posix
gcc version 6.3.0 20170516 (Debian 6.3.0-18+deb9u1) 
configure:3153: $? = 0
configure:3142: g++ -V >&5
g++: error: unrecognized command line option '-V'
g++: fatal error: no input files
compilation terminated.
configure:3153: $? = 1
configure:3142: g++ -qversion >&5
g++: error: unrecognized command line option '-qversion'; did you mean '--version'?
g++: fatal error: no input files
compilation terminated.
configure:3153: $? = 1
configure:3173: checking whether the C++ compiler works
configure:3195: g++    conftest.cpp  >&5
configure:3199: $? = 0
configure:3247: result: yes
configure:3250: checking for C++ compiler default output file name
configure:3252: result: a.out
configure:3258: checking for suffix of executables
configure:3265: g++ -o conftest    conftest.cpp  >&5
configure:3269: $? = 0
configure:3291: result: 
configure:3313: checking whether we are cross compiling
configure:3321: g++ -o conftest    conftest.cpp  >&5
configure:3325: $? = 0
configure:3332: ./conftest
configure:3336: $? = 0
configure:3351: result: no
configure:3356: checking for suffix of object files
configure:3378: g++ -c   conftest.cpp >&5
configure:3382: $? = 0
configure:3403: result: o
configure:3407: checking whether we are using the GNU C++ compiler
configure:3426: g++ -c   conftest.cpp >&5
configure:3426: $? = 0
configure:3435: result: yes
configure:3444: checking whether g++ accepts -g
configure:3464: g++ -c -g  conftest.cpp >&5
configure:3464: $? = 0
configure:3505: result: yes
configure:3539: checking for style of include used by make
configure:3567: result: GNU
configure:3593: checking dependency style of g++
configure:3704: result: gcc3
configure:3937: checking how to run the C++ preprocessor
configure:3964: g++ -E  conftest.cpp
configure:3964: $? = 0
configure:3978: g++ -E  conftest.cpp
conftest.cpp:11:28: fatal error: ac_nonexistent.h: No such file or directory
 #include <ac_nonexistent.h>
                            ^
compilation terminated.
configure:3978: $? = 1
configure: failed program was:
| /* confdefs.h */
| #define PACKAGE_NAME "otserv"
| #define PACKAGE_TARNAME "otserv"
| #define PACKAGE_VERSION "0.6.3.SVN"
| #define PACKAGE_STRING "otserv 0.6.3.SVN"
| #define PACKAGE_BUGREPORT ""
| #define PACKAGE_URL ""
| #define PACKAGE "otserv"
| #define VERSION "0.6.3.SVN"
| /* end confdefs.h.  */
| #include <ac_nonexistent.h>
configure:4003: result: g++ -E
configure:4023: g++ -E  conftest.cpp
configure:4023: $? = 0
configure:4037: g++ -E  conftest.cpp
conftest.cpp:11:28: fatal error: ac_nonexistent.h: No such file or directory
 #include <ac_nonexistent.h>
                            ^
compilation terminated.
configure:4037: $? = 1
configure: failed program was:
| /* confdefs.h */
| #define PACKAGE_NAME "otserv"
| #define PACKAGE_TARNAME "otserv"
| #define PACKAGE_VERSION "0.6.3.SVN"
| #define PACKAGE_STRING "otserv 0.6.3.SVN"
| #define PACKAGE_BUGREPORT ""
| #define PACKAGE_URL ""
| #define PACKAGE "otserv"
| #define VERSION "0.6.3.SVN"
| /* end confdefs.h.  */
| #include <ac_nonexistent.h>
configure:4066: checking for grep that handles long lines and -e
configure:4124: result: /bin/grep
configure:4129: checking for egrep
configure:4191: result: /bin/grep -E
configure:4196: checking for ANSI C header files
configure:4216: g++ -c -g -O2  conftest.cpp >&5
configure:4216: $? = 0
configure:4289: g++ -o conftest -g -O2   conftest.cpp  >&5
configure:4289: $? = 0
configure:4289: ./conftest
configure:4289: $? = 0
configure:4300: result: yes
configure:4313: checking for sys/types.h
configure:4313: g++ -c -g -O2  conftest.cpp >&5
configure:4313: $? = 0
configure:4313: result: yes
configure:4313: checking for sys/stat.h
configure:4313: g++ -c -g -O2  conftest.cpp >&5
configure:4313: $? = 0
configure:4313: result: yes
configure:4313: checking for stdlib.h
configure:4313: g++ -c -g -O2  conftest.cpp >&5
configure:4313: $? = 0
configure:4313: result: yes
configure:4313: checking for string.h
configure:4313: g++ -c -g -O2  conftest.cpp >&5
configure:4313: $? = 0
configure:4313: result: yes
configure:4313: checking for memory.h
configure:4313: g++ -c -g -O2  conftest.cpp >&5
configure:4313: $? = 0
configure:4313: result: yes
configure:4313: checking for strings.h
configure:4313: g++ -c -g -O2  conftest.cpp >&5
configure:4313: $? = 0
configure:4313: result: yes
configure:4313: checking for inttypes.h
configure:4313: g++ -c -g -O2  conftest.cpp >&5
configure:4313: $? = 0
configure:4313: result: yes
configure:4313: checking for stdint.h
configure:4313: g++ -c -g -O2  conftest.cpp >&5
configure:4313: $? = 0
configure:4313: result: yes
configure:4313: checking for unistd.h
configure:4313: g++ -c -g -O2  conftest.cpp >&5
configure:4313: $? = 0
configure:4313: result: yes
configure:4328: checking arpa/inet.h usability
configure:4328: g++ -c -g -O2  conftest.cpp >&5
configure:4328: $? = 0
configure:4328: result: yes
configure:4328: checking arpa/inet.h presence
configure:4328: g++ -E  conftest.cpp
configure:4328: $? = 0
configure:4328: result: yes
configure:4328: checking for arpa/inet.h
configure:4328: result: yes
configure:4328: checking netdb.h usability
configure:4328: g++ -c -g -O2  conftest.cpp >&5
configure:4328: $? = 0
configure:4328: result: yes
configure:4328: checking netdb.h presence
configure:4328: g++ -E  conftest.cpp
configure:4328: $? = 0
configure:4328: result: yes
configure:4328: checking for netdb.h
configure:4328: result: yes
configure:4328: checking netinet/in.h usability
configure:4328: g++ -c -g -O2  conftest.cpp >&5
configure:4328: $? = 0
configure:4328: result: yes
configure:4328: checking netinet/in.h presence
configure:4328: g++ -E  conftest.cpp
configure:4328: $? = 0
configure:4328: result: yes
configure:4328: checking for netinet/in.h
configure:4328: result: yes
configure:4328: checking stddef.h usability
configure:4328: g++ -c -g -O2  conftest.cpp >&5
configure:4328: $? = 0
configure:4328: result: yes
configure:4328: checking stddef.h presence
configure:4328: g++ -E  conftest.cpp
configure:4328: $? = 0
configure:4328: result: yes
configure:4328: checking for stddef.h
configure:4328: result: yes
configure:4328: checking for stdint.h
configure:4328: result: yes
configure:4328: checking for stdlib.h
configure:4328: result: yes
configure:4328: checking sys/socket.h usability
configure:4328: g++ -c -g -O2  conftest.cpp >&5
configure:4328: $? = 0
configure:4328: result: yes
configure:4328: checking sys/socket.h presence
configure:4328: g++ -E  conftest.cpp
configure:4328: $? = 0
configure:4328: result: yes
configure:4328: checking for sys/socket.h
configure:4328: result: yes
configure:4328: checking sys/timeb.h usability
configure:4328: g++ -c -g -O2  conftest.cpp >&5
configure:4328: $? = 0
configure:4328: result: yes
configure:4328: checking sys/timeb.h presence
configure:4328: g++ -E  conftest.cpp
configure:4328: $? = 0
configure:4328: result: yes
configure:4328: checking for sys/timeb.h
configure:4328: result: yes
configure:4340: checking for stdbool.h that conforms to C99
configure:4407: g++ -c -g -O2  conftest.cpp >&5
conftest.cpp:32:15: error: expected unqualified-id before string constant
               "error: bool is not defined"
               ^~~~~~~~~~~~~~~~~~~~~~~~~~~~
conftest.cpp:50:48: error: 's' does not name a type
              struct s { _Bool s: 1; _Bool t; } s;
                                                ^
conftest.cpp:60:28: error: 's' was not declared in this scope
              char i[sizeof s.t];
                            ^
conftest.cpp: In function 'int main()':
conftest.cpp:78:24: error: 's' was not declared in this scope
              bool e = &s;
                        ^
conftest.cpp:82:63: error: 'i' was not declared in this scope
              return (!a + !b + !c + !d + !e + !f + !g + !h + !i + !!j + !k + !!l
                                                               ^
configure:4407: $? = 1
configure: failed program was:
| /* confdefs.h */
| #define PACKAGE_NAME "otserv"
| #define PACKAGE_TARNAME "otserv"
| #define PACKAGE_VERSION "0.6.3.SVN"
| #define PACKAGE_STRING "otserv 0.6.3.SVN"
| #define PACKAGE_BUGREPORT ""
| #define PACKAGE_URL ""
| #define PACKAGE "otserv"
| #define VERSION "0.6.3.SVN"
| #define STDC_HEADERS 1
| #define HAVE_SYS_TYPES_H 1
| #define HAVE_SYS_STAT_H 1
| #define HAVE_STDLIB_H 1
| #define HAVE_STRING_H 1
| #define HAVE_MEMORY_H 1
| #define HAVE_STRINGS_H 1
| #define HAVE_INTTYPES_H 1
| #define HAVE_STDINT_H 1
| #define HAVE_UNISTD_H 1
| #define HAVE_ARPA_INET_H 1
| #define HAVE_NETDB_H 1
| #define HAVE_NETINET_IN_H 1
| #define HAVE_STDDEF_H 1
| #define HAVE_STDINT_H 1
| #define HAVE_STDLIB_H 1
| #define HAVE_SYS_SOCKET_H 1
| #define HAVE_SYS_TIMEB_H 1
| /* end confdefs.h.  */
| 
|              #include <stdbool.h>
|              #ifndef bool
|               "error: bool is not defined"
|              #endif
|              #ifndef false
|               "error: false is not defined"
|              #endif
|              #if false
|               "error: false is not 0"
|              #endif
|              #ifndef true
|               "error: true is not defined"
|              #endif
|              #if true != 1
|               "error: true is not 1"
|              #endif
|              #ifndef __bool_true_false_are_defined
|               "error: __bool_true_false_are_defined is not defined"
|              #endif
| 
|              struct s { _Bool s: 1; _Bool t; } s;
| 
|              char a[true == 1 ? 1 : -1];
|              char b[false == 0 ? 1 : -1];
|              char c[__bool_true_false_are_defined == 1 ? 1 : -1];
|              char d[(bool) 0.5 == true ? 1 : -1];
|              /* See body of main program for 'e'.  */
|              char f[(_Bool) 0.0 == false ? 1 : -1];
|              char g[true];
|              char h[sizeof (_Bool)];
|              char i[sizeof s.t];
|              enum { j = false, k = true, l = false * true, m = true * 256 };
|              /* The following fails for
|                 HP aC++/ANSI C B3910B A.05.55 [Dec 04 2003]. */
|              _Bool n[m];
|              char o[sizeof n == m * sizeof n[0] ? 1 : -1];
|              char p[-1 - (_Bool) 0 < 0 && -1 - (bool) 0 < 0 ? 1 : -1];
|              /* Catch a bug in an HP-UX C compiler.  See
|                 http://gcc.gnu.org/ml/gcc-patches/2003-12/msg02303.html
|                 http://lists.gnu.org/archive/html/bug-coreutils/2005-11/msg00161.html
|               */
|              _Bool q = true;
|              _Bool *pq = &q;
| 
| int
| main ()
| {
| 
|              bool e = &s;
|              *pq |= q;
|              *pq |= ! q;
|              /* Refer to every declared value, to avoid compiler optimizations.  */
|              return (!a + !b + !c + !d + !e + !f + !g + !h + !i + !!j + !k + !!l
|                      + !m + !n + !o + !p + !q + !pq);
| 
|   ;
|   return 0;
| }
configure:4414: result: no
configure:4416: checking for _Bool
configure:4416: g++ -c -g -O2  conftest.cpp >&5
conftest.cpp: In function 'int main()':
conftest.cpp:65:13: error: '_Bool' was not declared in this scope
 if (sizeof (_Bool))
             ^~~~~
configure:4416: $? = 1
configure: failed program was:
| /* confdefs.h */
| #define PACKAGE_NAME "otserv"
| #define PACKAGE_TARNAME "otserv"
| #define PACKAGE_VERSION "0.6.3.SVN"
| #define PACKAGE_STRING "otserv 0.6.3.SVN"
| #define PACKAGE_BUGREPORT ""
| #define PACKAGE_URL ""
| #define PACKAGE "otserv"
| #define VERSION "0.6.3.SVN"
| #define STDC_HEADERS 1
| #define HAVE_SYS_TYPES_H 1
| #define HAVE_SYS_STAT_H 1
| #define HAVE_STDLIB_H 1
| #define HAVE_STRING_H 1
| #define HAVE_MEMORY_H 1
| #define HAVE_STRINGS_H 1
| #define HAVE_INTTYPES_H 1
| #define HAVE_STDINT_H 1
| #define HAVE_UNISTD_H 1
| #define HAVE_ARPA_INET_H 1
| #define HAVE_NETDB_H 1
| #define HAVE_NETINET_IN_H 1
| #define HAVE_STDDEF_H 1
| #define HAVE_STDINT_H 1
| #define HAVE_STDLIB_H 1
| #define HAVE_SYS_SOCKET_H 1
| #define HAVE_SYS_TIMEB_H 1
| /* end confdefs.h.  */
| #include <stdio.h>
| #ifdef HAVE_SYS_TYPES_H
| # include <sys/types.h>
| #endif
| #ifdef HAVE_SYS_STAT_H
| # include <sys/stat.h>
| #endif
| #ifdef STDC_HEADERS
| # include <stdlib.h>
| # include <stddef.h>
| #else
| # ifdef HAVE_STDLIB_H
| #  include <stdlib.h>
| # endif
| #endif
| #ifdef HAVE_STRING_H
| # if !defined STDC_HEADERS && defined HAVE_MEMORY_H
| #  include <memory.h>
| # endif
| # include <string.h>
| #endif
| #ifdef HAVE_STRINGS_H
| # include <strings.h>
| #endif
| #ifdef HAVE_INTTYPES_H
| # include <inttypes.h>
| #endif
| #ifdef HAVE_STDINT_H
| # include <stdint.h>
| #endif
| #ifdef HAVE_UNISTD_H
| # include <unistd.h>
| #endif
| int
| main ()
| {
| if (sizeof (_Bool))
| 	 return 0;
|   ;
|   return 0;
| }
configure:4416: result: no
configure:4433: checking for an ANSI C-conforming const
configure:4499: g++ -c -g -O2  conftest.cpp >&5
configure:4499: $? = 0
configure:4506: result: yes
configure:4514: checking for inline
configure:4530: g++ -c -g -O2  conftest.cpp >&5
configure:4530: $? = 0
configure:4538: result: inline
configure:4556: checking for int16_t
configure:4556: g++ -c -g -O2  conftest.cpp >&5
configure:4556: $? = 0
configure:4556: g++ -c -g -O2  conftest.cpp >&5
conftest.cpp: In function 'int main()':
conftest.cpp:67:58: error: size of array 'test_array' is negative
    < (int16_t) (((((int16_t) 1 << N) << N) - 1) * 2 + 2))];
                                                          ^
configure:4556: $? = 1
configure: failed program was:
| /* confdefs.h */
| #define PACKAGE_NAME "otserv"
| #define PACKAGE_TARNAME "otserv"
| #define PACKAGE_VERSION "0.6.3.SVN"
| #define PACKAGE_STRING "otserv 0.6.3.SVN"
| #define PACKAGE_BUGREPORT ""
| #define PACKAGE_URL ""
| #define PACKAGE "otserv"
| #define VERSION "0.6.3.SVN"
| #define STDC_HEADERS 1
| #define HAVE_SYS_TYPES_H 1
| #define HAVE_SYS_STAT_H 1
| #define HAVE_STDLIB_H 1
| #define HAVE_STRING_H 1
| #define HAVE_MEMORY_H 1
| #define HAVE_STRINGS_H 1
| #define HAVE_INTTYPES_H 1
| #define HAVE_STDINT_H 1
| #define HAVE_UNISTD_H 1
| #define HAVE_ARPA_INET_H 1
| #define HAVE_NETDB_H 1
| #define HAVE_NETINET_IN_H 1
| #define HAVE_STDDEF_H 1
| #define HAVE_STDINT_H 1
| #define HAVE_STDLIB_H 1
| #define HAVE_SYS_SOCKET_H 1
| #define HAVE_SYS_TIMEB_H 1
| /* end confdefs.h.  */
| #include <stdio.h>
| #ifdef HAVE_SYS_TYPES_H
| # include <sys/types.h>
| #endif
| #ifdef HAVE_SYS_STAT_H
| # include <sys/stat.h>
| #endif
| #ifdef STDC_HEADERS
| # include <stdlib.h>
| # include <stddef.h>
| #else
| # ifdef HAVE_STDLIB_H
| #  include <stdlib.h>
| # endif
| #endif
| #ifdef HAVE_STRING_H
| # if !defined STDC_HEADERS && defined HAVE_MEMORY_H
| #  include <memory.h>
| # endif
| # include <string.h>
| #endif
| #ifdef HAVE_STRINGS_H
| # include <strings.h>
| #endif
| #ifdef HAVE_INTTYPES_H
| # include <inttypes.h>
| #endif
| #ifdef HAVE_STDINT_H
| # include <stdint.h>
| #endif
| #ifdef HAVE_UNISTD_H
| # include <unistd.h>
| #endif
| 	        enum { N = 16 / 2 - 1 };
| int
| main ()
| {
| static int test_array [1 - 2 * !((int16_t) (((((int16_t) 1 << N) << N) - 1) * 2 + 1)
| 		 < (int16_t) (((((int16_t) 1 << N) << N) - 1) * 2 + 2))];
| test_array [0] = 0;
| return test_array [0];
| 
|   ;
|   return 0;
| }
configure:4556: result: yes
configure:4567: checking for int32_t
configure:4567: g++ -c -g -O2  conftest.cpp >&5
configure:4567: $? = 0
configure:4567: g++ -c -g -O2  conftest.cpp >&5
conftest.cpp: In function 'int main()':
conftest.cpp:67:53: warning: integer overflow in expression [-Woverflow]
    < (int32_t) (((((int32_t) 1 << N) << N) - 1) * 2 + 2))];
                 ~~~~~~~~~~~~~~~~~~~~~~~~~~~~~~~~~~~~^~~
conftest.cpp:67:58: error: size of array 'test_array' is negative
    < (int32_t) (((((int32_t) 1 << N) << N) - 1) * 2 + 2))];
                                                          ^
configure:4567: $? = 1
configure: failed program was:
| /* confdefs.h */
| #define PACKAGE_NAME "otserv"
| #define PACKAGE_TARNAME "otserv"
| #define PACKAGE_VERSION "0.6.3.SVN"
| #define PACKAGE_STRING "otserv 0.6.3.SVN"
| #define PACKAGE_BUGREPORT ""
| #define PACKAGE_URL ""
| #define PACKAGE "otserv"
| #define VERSION "0.6.3.SVN"
| #define STDC_HEADERS 1
| #define HAVE_SYS_TYPES_H 1
| #define HAVE_SYS_STAT_H 1
| #define HAVE_STDLIB_H 1
| #define HAVE_STRING_H 1
| #define HAVE_MEMORY_H 1
| #define HAVE_STRINGS_H 1
| #define HAVE_INTTYPES_H 1
| #define HAVE_STDINT_H 1
| #define HAVE_UNISTD_H 1
| #define HAVE_ARPA_INET_H 1
| #define HAVE_NETDB_H 1
| #define HAVE_NETINET_IN_H 1
| #define HAVE_STDDEF_H 1
| #define HAVE_STDINT_H 1
| #define HAVE_STDLIB_H 1
| #define HAVE_SYS_SOCKET_H 1
| #define HAVE_SYS_TIMEB_H 1
| /* end confdefs.h.  */
| #include <stdio.h>
| #ifdef HAVE_SYS_TYPES_H
| # include <sys/types.h>
| #endif
| #ifdef HAVE_SYS_STAT_H
| # include <sys/stat.h>
| #endif
| #ifdef STDC_HEADERS
| # include <stdlib.h>
| # include <stddef.h>
| #else
| # ifdef HAVE_STDLIB_H
| #  include <stdlib.h>
| # endif
| #endif
| #ifdef HAVE_STRING_H
| # if !defined STDC_HEADERS && defined HAVE_MEMORY_H
| #  include <memory.h>
| # endif
| # include <string.h>
| #endif
| #ifdef HAVE_STRINGS_H
| # include <strings.h>
| #endif
| #ifdef HAVE_INTTYPES_H
| # include <inttypes.h>
| #endif
| #ifdef HAVE_STDINT_H
| # include <stdint.h>
| #endif
| #ifdef HAVE_UNISTD_H
| # include <unistd.h>
| #endif
| 	        enum { N = 32 / 2 - 1 };
| int
| main ()
| {
| static int test_array [1 - 2 * !((int32_t) (((((int32_t) 1 << N) << N) - 1) * 2 + 1)
| 		 < (int32_t) (((((int32_t) 1 << N) << N) - 1) * 2 + 2))];
| test_array [0] = 0;
| return test_array [0];
| 
|   ;
|   return 0;
| }
configure:4567: result: yes
configure:4578: checking for int64_t
configure:4578: g++ -c -g -O2  conftest.cpp >&5
configure:4578: $? = 0
configure:4578: g++ -c -g -O2  conftest.cpp >&5
conftest.cpp: In function 'int main()':
conftest.cpp:67:53: warning: integer overflow in expression [-Woverflow]
    < (int64_t) (((((int64_t) 1 << N) << N) - 1) * 2 + 2))];
                 ~~~~~~~~~~~~~~~~~~~~~~~~~~~~~~~~~~~~^~~
conftest.cpp:67:58: error: size of array 'test_array' is negative
    < (int64_t) (((((int64_t) 1 << N) << N) - 1) * 2 + 2))];
                                                          ^
configure:4578: $? = 1
configure: failed program was:
| /* confdefs.h */
| #define PACKAGE_NAME "otserv"
| #define PACKAGE_TARNAME "otserv"
| #define PACKAGE_VERSION "0.6.3.SVN"
| #define PACKAGE_STRING "otserv 0.6.3.SVN"
| #define PACKAGE_BUGREPORT ""
| #define PACKAGE_URL ""
| #define PACKAGE "otserv"
| #define VERSION "0.6.3.SVN"
| #define STDC_HEADERS 1
| #define HAVE_SYS_TYPES_H 1
| #define HAVE_SYS_STAT_H 1
| #define HAVE_STDLIB_H 1
| #define HAVE_STRING_H 1
| #define HAVE_MEMORY_H 1
| #define HAVE_STRINGS_H 1
| #define HAVE_INTTYPES_H 1
| #define HAVE_STDINT_H 1
| #define HAVE_UNISTD_H 1
| #define HAVE_ARPA_INET_H 1
| #define HAVE_NETDB_H 1
| #define HAVE_NETINET_IN_H 1
| #define HAVE_STDDEF_H 1
| #define HAVE_STDINT_H 1
| #define HAVE_STDLIB_H 1
| #define HAVE_SYS_SOCKET_H 1
| #define HAVE_SYS_TIMEB_H 1
| /* end confdefs.h.  */
| #include <stdio.h>
| #ifdef HAVE_SYS_TYPES_H
| # include <sys/types.h>
| #endif
| #ifdef HAVE_SYS_STAT_H
| # include <sys/stat.h>
| #endif
| #ifdef STDC_HEADERS
| # include <stdlib.h>
| # include <stddef.h>
| #else
| # ifdef HAVE_STDLIB_H
| #  include <stdlib.h>
| # endif
| #endif
| #ifdef HAVE_STRING_H
| # if !defined STDC_HEADERS && defined HAVE_MEMORY_H
| #  include <memory.h>
| # endif
| # include <string.h>
| #endif
| #ifdef HAVE_STRINGS_H
| # include <strings.h>
| #endif
| #ifdef HAVE_INTTYPES_H
| # include <inttypes.h>
| #endif
| #ifdef HAVE_STDINT_H
| # include <stdint.h>
| #endif
| #ifdef HAVE_UNISTD_H
| # include <unistd.h>
| #endif
| 	        enum { N = 64 / 2 - 1 };
| int
| main ()
| {
| static int test_array [1 - 2 * !((int64_t) (((((int64_t) 1 << N) << N) - 1) * 2 + 1)
| 		 < (int64_t) (((((int64_t) 1 << N) << N) - 1) * 2 + 2))];
| test_array [0] = 0;
| return test_array [0];
| 
|   ;
|   return 0;
| }
configure:4578: result: yes
configure:4589: checking for size_t
configure:4589: g++ -c -g -O2  conftest.cpp >&5
configure:4589: $? = 0
configure:4589: g++ -c -g -O2  conftest.cpp >&5
conftest.cpp: In function 'int main()':
conftest.cpp:65:20: error: expected primary-expression before ')' token
 if (sizeof ((size_t)))
                    ^
configure:4589: $? = 1
configure: failed program was:
| /* confdefs.h */
| #define PACKAGE_NAME "otserv"
| #define PACKAGE_TARNAME "otserv"
| #define PACKAGE_VERSION "0.6.3.SVN"
| #define PACKAGE_STRING "otserv 0.6.3.SVN"
| #define PACKAGE_BUGREPORT ""
| #define PACKAGE_URL ""
| #define PACKAGE "otserv"
| #define VERSION "0.6.3.SVN"
| #define STDC_HEADERS 1
| #define HAVE_SYS_TYPES_H 1
| #define HAVE_SYS_STAT_H 1
| #define HAVE_STDLIB_H 1
| #define HAVE_STRING_H 1
| #define HAVE_MEMORY_H 1
| #define HAVE_STRINGS_H 1
| #define HAVE_INTTYPES_H 1
| #define HAVE_STDINT_H 1
| #define HAVE_UNISTD_H 1
| #define HAVE_ARPA_INET_H 1
| #define HAVE_NETDB_H 1
| #define HAVE_NETINET_IN_H 1
| #define HAVE_STDDEF_H 1
| #define HAVE_STDINT_H 1
| #define HAVE_STDLIB_H 1
| #define HAVE_SYS_SOCKET_H 1
| #define HAVE_SYS_TIMEB_H 1
| /* end confdefs.h.  */
| #include <stdio.h>
| #ifdef HAVE_SYS_TYPES_H
| # include <sys/types.h>
| #endif
| #ifdef HAVE_SYS_STAT_H
| # include <sys/stat.h>
| #endif
| #ifdef STDC_HEADERS
| # include <stdlib.h>
| # include <stddef.h>
| #else
| # ifdef HAVE_STDLIB_H
| #  include <stdlib.h>
| # endif
| #endif
| #ifdef HAVE_STRING_H
| # if !defined STDC_HEADERS && defined HAVE_MEMORY_H
| #  include <memory.h>
| # endif
| # include <string.h>
| #endif
| #ifdef HAVE_STRINGS_H
| # include <strings.h>
| #endif
| #ifdef HAVE_INTTYPES_H
| # include <inttypes.h>
| #endif
| #ifdef HAVE_STDINT_H
| # include <stdint.h>
| #endif
| #ifdef HAVE_UNISTD_H
| # include <unistd.h>
| #endif
| int
| main ()
| {
| if (sizeof ((size_t)))
| 	    return 0;
|   ;
|   return 0;
| }
configure:4589: result: yes
configure:4600: checking whether struct tm is in sys/time.h or time.h
configure:4620: g++ -c -g -O2  conftest.cpp >&5
configure:4620: $? = 0
configure:4627: result: time.h
configure:4635: checking for uint16_t
configure:4635: g++ -c -g -O2  conftest.cpp >&5
configure:4635: $? = 0
configure:4635: result: yes
configure:4647: checking for uint32_t
configure:4647: g++ -c -g -O2  conftest.cpp >&5
configure:4647: $? = 0
configure:4647: result: yes
configure:4661: checking for uint64_t
configure:4661: g++ -c -g -O2  conftest.cpp >&5
configure:4661: $? = 0
configure:4661: result: yes
configure:4675: checking for uint8_t
configure:4675: g++ -c -g -O2  conftest.cpp >&5
configure:4675: $? = 0
configure:4675: result: yes
configure:4689: checking for ptrdiff_t
configure:4689: g++ -c -g -O2  conftest.cpp >&5
configure:4689: $? = 0
configure:4689: g++ -c -g -O2  conftest.cpp >&5
conftest.cpp: In function 'int main()':
conftest.cpp:65:23: error: expected primary-expression before ')' token
 if (sizeof ((ptrdiff_t)))
                       ^
configure:4689: $? = 1
configure: failed program was:
| /* confdefs.h */
| #define PACKAGE_NAME "otserv"
| #define PACKAGE_TARNAME "otserv"
| #define PACKAGE_VERSION "0.6.3.SVN"
| #define PACKAGE_STRING "otserv 0.6.3.SVN"
| #define PACKAGE_BUGREPORT ""
| #define PACKAGE_URL ""
| #define PACKAGE "otserv"
| #define VERSION "0.6.3.SVN"
| #define STDC_HEADERS 1
| #define HAVE_SYS_TYPES_H 1
| #define HAVE_SYS_STAT_H 1
| #define HAVE_STDLIB_H 1
| #define HAVE_STRING_H 1
| #define HAVE_MEMORY_H 1
| #define HAVE_STRINGS_H 1
| #define HAVE_INTTYPES_H 1
| #define HAVE_STDINT_H 1
| #define HAVE_UNISTD_H 1
| #define HAVE_ARPA_INET_H 1
| #define HAVE_NETDB_H 1
| #define HAVE_NETINET_IN_H 1
| #define HAVE_STDDEF_H 1
| #define HAVE_STDINT_H 1
| #define HAVE_STDLIB_H 1
| #define HAVE_SYS_SOCKET_H 1
| #define HAVE_SYS_TIMEB_H 1
| /* end confdefs.h.  */
| #include <stdio.h>
| #ifdef HAVE_SYS_TYPES_H
| # include <sys/types.h>
| #endif
| #ifdef HAVE_SYS_STAT_H
| # include <sys/stat.h>
| #endif
| #ifdef STDC_HEADERS
| # include <stdlib.h>
| # include <stddef.h>
| #else
| # ifdef HAVE_STDLIB_H
| #  include <stdlib.h>
| # endif
| #endif
| #ifdef HAVE_STRING_H
| # if !defined STDC_HEADERS && defined HAVE_MEMORY_H
| #  include <memory.h>
| # endif
| # include <string.h>
| #endif
| #ifdef HAVE_STRINGS_H
| # include <strings.h>
| #endif
| #ifdef HAVE_INTTYPES_H
| # include <inttypes.h>
| #endif
| #ifdef HAVE_STDINT_H
| # include <stdint.h>
| #endif
| #ifdef HAVE_UNISTD_H
| # include <unistd.h>
| #endif
| int
| main ()
| {
| if (sizeof ((ptrdiff_t)))
| 	    return 0;
|   ;
|   return 0;
| }
configure:4689: result: yes
configure:4703: checking for stdlib.h
configure:4703: result: yes
configure:4713: checking for GNU libc compatible malloc
configure:4737: g++ -o conftest -g -O2   conftest.cpp  >&5
configure:4737: $? = 0
configure:4737: ./conftest
configure:4737: $? = 0
configure:4747: result: yes
configure:4768: checking for working memcmp
configure:4811: g++ -o conftest -g -O2   conftest.cpp  >&5
configure:4811: $? = 0
configure:4811: ./conftest
configure:4811: $? = 0
configure:4821: result: yes
configure:4832: checking for stdlib.h
configure:4832: result: yes
configure:4842: checking for GNU libc compatible realloc
configure:4866: g++ -o conftest -g -O2   conftest.cpp  >&5
configure:4866: $? = 0
configure:4866: ./conftest
configure:4866: $? = 0
configure:4876: result: yes
configure:4900: checking for floor
configure:4900: g++ -o conftest -g -O2   conftest.cpp  >&5
configure:4900: $? = 0
configure:4900: result: yes
configure:4900: checking for ftime
configure:4900: g++ -o conftest -g -O2   conftest.cpp  >&5
configure:4900: $? = 0
configure:4900: result: yes
configure:4900: checking for gethostbyname
configure:4900: g++ -o conftest -g -O2   conftest.cpp  >&5
configure:4900: $? = 0
configure:4900: result: yes
configure:4900: checking for gethostname
configure:4900: g++ -o conftest -g -O2   conftest.cpp  >&5
configure:4900: $? = 0
configure:4900: result: yes
configure:4900: checking for memset
configure:4900: g++ -o conftest -g -O2   conftest.cpp  >&5
configure:4900: $? = 0
configure:4900: result: yes
configure:4900: checking for pow
configure:4900: g++ -o conftest -g -O2   conftest.cpp  >&5
configure:4900: $? = 0
configure:4900: result: yes
configure:4900: checking for sqrt
configure:4900: g++ -o conftest -g -O2   conftest.cpp  >&5
configure:4900: $? = 0
configure:4900: result: yes
configure:4900: checking for strcasecmp
configure:4900: g++ -o conftest -g -O2   conftest.cpp  >&5
configure:4900: $? = 0
configure:4900: result: yes
configure:4900: checking for strncasecmp
configure:4900: g++ -o conftest -g -O2   conftest.cpp  >&5
configure:4900: $? = 0
configure:4900: result: yes
configure:4900: checking for strstr
configure:4900: g++ -o conftest -g -O2   conftest.cpp  >&5
configure:4900: $? = 0
configure:4900: result: yes
configure:4900: checking for strtol
configure:4900: g++ -o conftest -g -O2   conftest.cpp  >&5
configure:4900: $? = 0
configure:4900: result: yes
configure:4951: checking for xml2-config
configure:4969: found /usr/bin/xml2-config
configure:4982: result: /usr/bin/xml2-config
configure:4991: checking for libxml - version >= 2.6.5
configure:5093: g++ -o conftest -g -O2  -I/usr/include/libxml2  conftest.cpp -lxml2  >&5
configure:5093: $? = 0
configure:5093: ./conftest
configure:5093: $? = 0
configure:5108: result: yes (version 2.9.4)
configure:5176: checking pthread.h usability
configure:5176: g++ -c -g -O2  conftest.cpp >&5
configure:5176: $? = 0
configure:5176: result: yes
configure:5176: checking pthread.h presence
configure:5176: g++ -E  conftest.cpp
configure:5176: $? = 0
configure:5176: result: yes
configure:5176: checking for pthread.h
configure:5176: result: yes
configure:5188: checking for pthread_create in -lpthread
configure:5213: g++ -o conftest -g -O2   conftest.cpp -lpthread   -lxml2 >&5
configure:5213: $? = 0
configure:5222: result: yes
configure:5239: checking gmp.h usability
configure:5239: g++ -c -g -O2  conftest.cpp >&5
configure:5239: $? = 0
configure:5239: result: yes
configure:5239: checking gmp.h presence
configure:5239: g++ -E  conftest.cpp
configure:5239: $? = 0
configure:5239: result: yes
configure:5239: checking for gmp.h
configure:5239: result: yes
configure:5251: checking for __gmpz_init2 in -lgmp
configure:5276: g++ -o conftest -g -O2   conftest.cpp -lgmp  -lpthread  -lxml2 >&5
configure:5276: $? = 0
configure:5285: result: yes
configure:5300: checking for main in -lboost_thread-gcc-mt
configure:5319: g++ -o conftest -g -O2   conftest.cpp -lboost_thread-gcc-mt  -lgmp -lpthread  -lxml2 >&5
/usr/bin/ld: cannot find -lboost_thread-gcc-mt
collect2: error: ld returned 1 exit status
configure:5319: $? = 1
configure: failed program was:
| /* confdefs.h */
| #define PACKAGE_NAME "otserv"
| #define PACKAGE_TARNAME "otserv"
| #define PACKAGE_VERSION "0.6.3.SVN"
| #define PACKAGE_STRING "otserv 0.6.3.SVN"
| #define PACKAGE_BUGREPORT ""
| #define PACKAGE_URL ""
| #define PACKAGE "otserv"
| #define VERSION "0.6.3.SVN"
| #define STDC_HEADERS 1
| #define HAVE_SYS_TYPES_H 1
| #define HAVE_SYS_STAT_H 1
| #define HAVE_STDLIB_H 1
| #define HAVE_STRING_H 1
| #define HAVE_MEMORY_H 1
| #define HAVE_STRINGS_H 1
| #define HAVE_INTTYPES_H 1
| #define HAVE_STDINT_H 1
| #define HAVE_UNISTD_H 1
| #define HAVE_ARPA_INET_H 1
| #define HAVE_NETDB_H 1
| #define HAVE_NETINET_IN_H 1
| #define HAVE_STDDEF_H 1
| #define HAVE_STDINT_H 1
| #define HAVE_STDLIB_H 1
| #define HAVE_SYS_SOCKET_H 1
| #define HAVE_SYS_TIMEB_H 1
| #define HAVE_PTRDIFF_T 1
| #define HAVE_STDLIB_H 1
| #define HAVE_MALLOC 1
| #define HAVE_STDLIB_H 1
| #define HAVE_REALLOC 1
| #define HAVE_FLOOR 1
| #define HAVE_FTIME 1
| #define HAVE_GETHOSTBYNAME 1
| #define HAVE_GETHOSTNAME 1
| #define HAVE_MEMSET 1
| #define HAVE_POW 1
| #define HAVE_SQRT 1
| #define HAVE_STRCASECMP 1
| #define HAVE_STRNCASECMP 1
| #define HAVE_STRSTR 1
| #define HAVE_STRTOL 1
| #define HAVE_PTHREAD_H 1
| #define HAVE_LIBPTHREAD 1
| #define HAVE_GMP_H 1
| #define HAVE_LIBGMP 1
| /* end confdefs.h.  */
| 
| 
| int
| main ()
| {
| return main ();
|   ;
|   return 0;
| }
configure:5328: result: no
configure:5339: checking for main in -lboost_thread-mt
configure:5358: g++ -o conftest -g -O2   conftest.cpp -lboost_thread-mt  -lgmp -lpthread  -lxml2 >&5
/usr/bin/ld: cannot find -lboost_thread-mt
collect2: error: ld returned 1 exit status
configure:5358: $? = 1
configure: failed program was:
| /* confdefs.h */
| #define PACKAGE_NAME "otserv"
| #define PACKAGE_TARNAME "otserv"
| #define PACKAGE_VERSION "0.6.3.SVN"
| #define PACKAGE_STRING "otserv 0.6.3.SVN"
| #define PACKAGE_BUGREPORT ""
| #define PACKAGE_URL ""
| #define PACKAGE "otserv"
| #define VERSION "0.6.3.SVN"
| #define STDC_HEADERS 1
| #define HAVE_SYS_TYPES_H 1
| #define HAVE_SYS_STAT_H 1
| #define HAVE_STDLIB_H 1
| #define HAVE_STRING_H 1
| #define HAVE_MEMORY_H 1
| #define HAVE_STRINGS_H 1
| #define HAVE_INTTYPES_H 1
| #define HAVE_STDINT_H 1
| #define HAVE_UNISTD_H 1
| #define HAVE_ARPA_INET_H 1
| #define HAVE_NETDB_H 1
| #define HAVE_NETINET_IN_H 1
| #define HAVE_STDDEF_H 1
| #define HAVE_STDINT_H 1
| #define HAVE_STDLIB_H 1
| #define HAVE_SYS_SOCKET_H 1
| #define HAVE_SYS_TIMEB_H 1
| #define HAVE_PTRDIFF_T 1
| #define HAVE_STDLIB_H 1
| #define HAVE_MALLOC 1
| #define HAVE_STDLIB_H 1
| #define HAVE_REALLOC 1
| #define HAVE_FLOOR 1
| #define HAVE_FTIME 1
| #define HAVE_GETHOSTBYNAME 1
| #define HAVE_GETHOSTNAME 1
| #define HAVE_MEMSET 1
| #define HAVE_POW 1
| #define HAVE_SQRT 1
| #define HAVE_STRCASECMP 1
| #define HAVE_STRNCASECMP 1
| #define HAVE_STRSTR 1
| #define HAVE_STRTOL 1
| #define HAVE_PTHREAD_H 1
| #define HAVE_LIBPTHREAD 1
| #define HAVE_GMP_H 1
| #define HAVE_LIBGMP 1
| /* end confdefs.h.  */
| 
| 
| int
| main ()
| {
| return main ();
|   ;
|   return 0;
| }
configure:5367: result: no
configure:5378: checking for main in -lboost_thread
configure:5397: g++ -o conftest -g -O2   conftest.cpp -lboost_thread  -lgmp -lpthread  -lxml2 >&5
configure:5397: $? = 0
configure:5406: result: yes
configure:5426: checking for main in -lboost_regex-gcc-mt
configure:5445: g++ -o conftest -g -O2   conftest.cpp -lboost_regex-gcc-mt  -lboost_thread -lgmp -lpthread  -lxml2 >&5
/usr/bin/ld: cannot find -lboost_regex-gcc-mt
collect2: error: ld returned 1 exit status
configure:5445: $? = 1
configure: failed program was:
| /* confdefs.h */
| #define PACKAGE_NAME "otserv"
| #define PACKAGE_TARNAME "otserv"
| #define PACKAGE_VERSION "0.6.3.SVN"
| #define PACKAGE_STRING "otserv 0.6.3.SVN"
| #define PACKAGE_BUGREPORT ""
| #define PACKAGE_URL ""
| #define PACKAGE "otserv"
| #define VERSION "0.6.3.SVN"
| #define STDC_HEADERS 1
| #define HAVE_SYS_TYPES_H 1
| #define HAVE_SYS_STAT_H 1
| #define HAVE_STDLIB_H 1
| #define HAVE_STRING_H 1
| #define HAVE_MEMORY_H 1
| #define HAVE_STRINGS_H 1
| #define HAVE_INTTYPES_H 1
| #define HAVE_STDINT_H 1
| #define HAVE_UNISTD_H 1
| #define HAVE_ARPA_INET_H 1
| #define HAVE_NETDB_H 1
| #define HAVE_NETINET_IN_H 1
| #define HAVE_STDDEF_H 1
| #define HAVE_STDINT_H 1
| #define HAVE_STDLIB_H 1
| #define HAVE_SYS_SOCKET_H 1
| #define HAVE_SYS_TIMEB_H 1
| #define HAVE_PTRDIFF_T 1
| #define HAVE_STDLIB_H 1
| #define HAVE_MALLOC 1
| #define HAVE_STDLIB_H 1
| #define HAVE_REALLOC 1
| #define HAVE_FLOOR 1
| #define HAVE_FTIME 1
| #define HAVE_GETHOSTBYNAME 1
| #define HAVE_GETHOSTNAME 1
| #define HAVE_MEMSET 1
| #define HAVE_POW 1
| #define HAVE_SQRT 1
| #define HAVE_STRCASECMP 1
| #define HAVE_STRNCASECMP 1
| #define HAVE_STRSTR 1
| #define HAVE_STRTOL 1
| #define HAVE_PTHREAD_H 1
| #define HAVE_LIBPTHREAD 1
| #define HAVE_GMP_H 1
| #define HAVE_LIBGMP 1
| #define HAVE_LIBBOOST_THREAD 1
| /* end confdefs.h.  */
| 
| 
| int
| main ()
| {
| return main ();
|   ;
|   return 0;
| }
configure:5454: result: no
configure:5465: checking for main in -lboost_regex-mt
configure:5484: g++ -o conftest -g -O2   conftest.cpp -lboost_regex-mt  -lboost_thread -lgmp -lpthread  -lxml2 >&5
/usr/bin/ld: cannot find -lboost_regex-mt
collect2: error: ld returned 1 exit status
configure:5484: $? = 1
configure: failed program was:
| /* confdefs.h */
| #define PACKAGE_NAME "otserv"
| #define PACKAGE_TARNAME "otserv"
| #define PACKAGE_VERSION "0.6.3.SVN"
| #define PACKAGE_STRING "otserv 0.6.3.SVN"
| #define PACKAGE_BUGREPORT ""
| #define PACKAGE_URL ""
| #define PACKAGE "otserv"
| #define VERSION "0.6.3.SVN"
| #define STDC_HEADERS 1
| #define HAVE_SYS_TYPES_H 1
| #define HAVE_SYS_STAT_H 1
| #define HAVE_STDLIB_H 1
| #define HAVE_STRING_H 1
| #define HAVE_MEMORY_H 1
| #define HAVE_STRINGS_H 1
| #define HAVE_INTTYPES_H 1
| #define HAVE_STDINT_H 1
| #define HAVE_UNISTD_H 1
| #define HAVE_ARPA_INET_H 1
| #define HAVE_NETDB_H 1
| #define HAVE_NETINET_IN_H 1
| #define HAVE_STDDEF_H 1
| #define HAVE_STDINT_H 1
| #define HAVE_STDLIB_H 1
| #define HAVE_SYS_SOCKET_H 1
| #define HAVE_SYS_TIMEB_H 1
| #define HAVE_PTRDIFF_T 1
| #define HAVE_STDLIB_H 1
| #define HAVE_MALLOC 1
| #define HAVE_STDLIB_H 1
| #define HAVE_REALLOC 1
| #define HAVE_FLOOR 1
| #define HAVE_FTIME 1
| #define HAVE_GETHOSTBYNAME 1
| #define HAVE_GETHOSTNAME 1
| #define HAVE_MEMSET 1
| #define HAVE_POW 1
| #define HAVE_SQRT 1
| #define HAVE_STRCASECMP 1
| #define HAVE_STRNCASECMP 1
| #define HAVE_STRSTR 1
| #define HAVE_STRTOL 1
| #define HAVE_PTHREAD_H 1
| #define HAVE_LIBPTHREAD 1
| #define HAVE_GMP_H 1
| #define HAVE_LIBGMP 1
| #define HAVE_LIBBOOST_THREAD 1
| /* end confdefs.h.  */
| 
| 
| int
| main ()
| {
| return main ();
|   ;
|   return 0;
| }
configure:5493: result: no
configure:5504: checking for main in -lboost_regex
configure:5523: g++ -o conftest -g -O2   conftest.cpp -lboost_regex  -lboost_thread -lgmp -lpthread  -lxml2 >&5
configure:5523: $? = 0
configure:5532: result: yes
configure:5552: checking for main in -lboost_system-gcc-mt
configure:5571: g++ -o conftest -g -O2   conftest.cpp -lboost_system-gcc-mt  -lboost_regex -lboost_thread -lgmp -lpthread  -lxml2 >&5
/usr/bin/ld: cannot find -lboost_system-gcc-mt
collect2: error: ld returned 1 exit status
configure:5571: $? = 1
configure: failed program was:
| /* confdefs.h */
| #define PACKAGE_NAME "otserv"
| #define PACKAGE_TARNAME "otserv"
| #define PACKAGE_VERSION "0.6.3.SVN"
| #define PACKAGE_STRING "otserv 0.6.3.SVN"
| #define PACKAGE_BUGREPORT ""
| #define PACKAGE_URL ""
| #define PACKAGE "otserv"
| #define VERSION "0.6.3.SVN"
| #define STDC_HEADERS 1
| #define HAVE_SYS_TYPES_H 1
| #define HAVE_SYS_STAT_H 1
| #define HAVE_STDLIB_H 1
| #define HAVE_STRING_H 1
| #define HAVE_MEMORY_H 1
| #define HAVE_STRINGS_H 1
| #define HAVE_INTTYPES_H 1
| #define HAVE_STDINT_H 1
| #define HAVE_UNISTD_H 1
| #define HAVE_ARPA_INET_H 1
| #define HAVE_NETDB_H 1
| #define HAVE_NETINET_IN_H 1
| #define HAVE_STDDEF_H 1
| #define HAVE_STDINT_H 1
| #define HAVE_STDLIB_H 1
| #define HAVE_SYS_SOCKET_H 1
| #define HAVE_SYS_TIMEB_H 1
| #define HAVE_PTRDIFF_T 1
| #define HAVE_STDLIB_H 1
| #define HAVE_MALLOC 1
| #define HAVE_STDLIB_H 1
| #define HAVE_REALLOC 1
| #define HAVE_FLOOR 1
| #define HAVE_FTIME 1
| #define HAVE_GETHOSTBYNAME 1
| #define HAVE_GETHOSTNAME 1
| #define HAVE_MEMSET 1
| #define HAVE_POW 1
| #define HAVE_SQRT 1
| #define HAVE_STRCASECMP 1
| #define HAVE_STRNCASECMP 1
| #define HAVE_STRSTR 1
| #define HAVE_STRTOL 1
| #define HAVE_PTHREAD_H 1
| #define HAVE_LIBPTHREAD 1
| #define HAVE_GMP_H 1
| #define HAVE_LIBGMP 1
| #define HAVE_LIBBOOST_THREAD 1
| #define HAVE_LIBBOOST_REGEX 1
| /* end confdefs.h.  */
| 
| 
| int
| main ()
| {
| return main ();
|   ;
|   return 0;
| }
configure:5580: result: no
configure:5591: checking for main in -lboost_system-mt
configure:5610: g++ -o conftest -g -O2   conftest.cpp -lboost_system-mt  -lboost_regex -lboost_thread -lgmp -lpthread  -lxml2 >&5
/usr/bin/ld: cannot find -lboost_system-mt
collect2: error: ld returned 1 exit status
configure:5610: $? = 1
configure: failed program was:
| /* confdefs.h */
| #define PACKAGE_NAME "otserv"
| #define PACKAGE_TARNAME "otserv"
| #define PACKAGE_VERSION "0.6.3.SVN"
| #define PACKAGE_STRING "otserv 0.6.3.SVN"
| #define PACKAGE_BUGREPORT ""
| #define PACKAGE_URL ""
| #define PACKAGE "otserv"
| #define VERSION "0.6.3.SVN"
| #define STDC_HEADERS 1
| #define HAVE_SYS_TYPES_H 1
| #define HAVE_SYS_STAT_H 1
| #define HAVE_STDLIB_H 1
| #define HAVE_STRING_H 1
| #define HAVE_MEMORY_H 1
| #define HAVE_STRINGS_H 1
| #define HAVE_INTTYPES_H 1
| #define HAVE_STDINT_H 1
| #define HAVE_UNISTD_H 1
| #define HAVE_ARPA_INET_H 1
| #define HAVE_NETDB_H 1
| #define HAVE_NETINET_IN_H 1
| #define HAVE_STDDEF_H 1
| #define HAVE_STDINT_H 1
| #define HAVE_STDLIB_H 1
| #define HAVE_SYS_SOCKET_H 1
| #define HAVE_SYS_TIMEB_H 1
| #define HAVE_PTRDIFF_T 1
| #define HAVE_STDLIB_H 1
| #define HAVE_MALLOC 1
| #define HAVE_STDLIB_H 1
| #define HAVE_REALLOC 1
| #define HAVE_FLOOR 1
| #define HAVE_FTIME 1
| #define HAVE_GETHOSTBYNAME 1
| #define HAVE_GETHOSTNAME 1
| #define HAVE_MEMSET 1
| #define HAVE_POW 1
| #define HAVE_SQRT 1
| #define HAVE_STRCASECMP 1
| #define HAVE_STRNCASECMP 1
| #define HAVE_STRSTR 1
| #define HAVE_STRTOL 1
| #define HAVE_PTHREAD_H 1
| #define HAVE_LIBPTHREAD 1
| #define HAVE_GMP_H 1
| #define HAVE_LIBGMP 1
| #define HAVE_LIBBOOST_THREAD 1
| #define HAVE_LIBBOOST_REGEX 1
| /* end confdefs.h.  */
| 
| 
| int
| main ()
| {
| return main ();
|   ;
|   return 0;
| }
configure:5619: result: no
configure:5630: checking for main in -lboost_system
configure:5649: g++ -o conftest -g -O2   conftest.cpp -lboost_system  -lboost_regex -lboost_thread -lgmp -lpthread  -lxml2 >&5
configure:5649: $? = 0
configure:5658: result: yes
configure:5678: checking for main in -lboost_date_time-gcc-mt
configure:5697: g++ -o conftest -g -O2   conftest.cpp -lboost_date_time-gcc-mt  -lboost_system -lboost_regex -lboost_thread -lgmp -lpthread  -lxml2 >&5
/usr/bin/ld: cannot find -lboost_date_time-gcc-mt
collect2: error: ld returned 1 exit status
configure:5697: $? = 1
configure: failed program was:
| /* confdefs.h */
| #define PACKAGE_NAME "otserv"
| #define PACKAGE_TARNAME "otserv"
| #define PACKAGE_VERSION "0.6.3.SVN"
| #define PACKAGE_STRING "otserv 0.6.3.SVN"
| #define PACKAGE_BUGREPORT ""
| #define PACKAGE_URL ""
| #define PACKAGE "otserv"
| #define VERSION "0.6.3.SVN"
| #define STDC_HEADERS 1
| #define HAVE_SYS_TYPES_H 1
| #define HAVE_SYS_STAT_H 1
| #define HAVE_STDLIB_H 1
| #define HAVE_STRING_H 1
| #define HAVE_MEMORY_H 1
| #define HAVE_STRINGS_H 1
| #define HAVE_INTTYPES_H 1
| #define HAVE_STDINT_H 1
| #define HAVE_UNISTD_H 1
| #define HAVE_ARPA_INET_H 1
| #define HAVE_NETDB_H 1
| #define HAVE_NETINET_IN_H 1
| #define HAVE_STDDEF_H 1
| #define HAVE_STDINT_H 1
| #define HAVE_STDLIB_H 1
| #define HAVE_SYS_SOCKET_H 1
| #define HAVE_SYS_TIMEB_H 1
| #define HAVE_PTRDIFF_T 1
| #define HAVE_STDLIB_H 1
| #define HAVE_MALLOC 1
| #define HAVE_STDLIB_H 1
| #define HAVE_REALLOC 1
| #define HAVE_FLOOR 1
| #define HAVE_FTIME 1
| #define HAVE_GETHOSTBYNAME 1
| #define HAVE_GETHOSTNAME 1
| #define HAVE_MEMSET 1
| #define HAVE_POW 1
| #define HAVE_SQRT 1
| #define HAVE_STRCASECMP 1
| #define HAVE_STRNCASECMP 1
| #define HAVE_STRSTR 1
| #define HAVE_STRTOL 1
| #define HAVE_PTHREAD_H 1
| #define HAVE_LIBPTHREAD 1
| #define HAVE_GMP_H 1
| #define HAVE_LIBGMP 1
| #define HAVE_LIBBOOST_THREAD 1
| #define HAVE_LIBBOOST_REGEX 1
| #define HAVE_LIBBOOST_SYSTEM 1
| /* end confdefs.h.  */
| 
| 
| int
| main ()
| {
| return main ();
|   ;
|   return 0;
| }
configure:5706: result: no
configure:5717: checking for main in -lboost_date_time-mt
configure:5736: g++ -o conftest -g -O2   conftest.cpp -lboost_date_time-mt  -lboost_system -lboost_regex -lboost_thread -lgmp -lpthread  -lxml2 >&5
/usr/bin/ld: cannot find -lboost_date_time-mt
collect2: error: ld returned 1 exit status
configure:5736: $? = 1
configure: failed program was:
| /* confdefs.h */
| #define PACKAGE_NAME "otserv"
| #define PACKAGE_TARNAME "otserv"
| #define PACKAGE_VERSION "0.6.3.SVN"
| #define PACKAGE_STRING "otserv 0.6.3.SVN"
| #define PACKAGE_BUGREPORT ""
| #define PACKAGE_URL ""
| #define PACKAGE "otserv"
| #define VERSION "0.6.3.SVN"
| #define STDC_HEADERS 1
| #define HAVE_SYS_TYPES_H 1
| #define HAVE_SYS_STAT_H 1
| #define HAVE_STDLIB_H 1
| #define HAVE_STRING_H 1
| #define HAVE_MEMORY_H 1
| #define HAVE_STRINGS_H 1
| #define HAVE_INTTYPES_H 1
| #define HAVE_STDINT_H 1
| #define HAVE_UNISTD_H 1
| #define HAVE_ARPA_INET_H 1
| #define HAVE_NETDB_H 1
| #define HAVE_NETINET_IN_H 1
| #define HAVE_STDDEF_H 1
| #define HAVE_STDINT_H 1
| #define HAVE_STDLIB_H 1
| #define HAVE_SYS_SOCKET_H 1
| #define HAVE_SYS_TIMEB_H 1
| #define HAVE_PTRDIFF_T 1
| #define HAVE_STDLIB_H 1
| #define HAVE_MALLOC 1
| #define HAVE_STDLIB_H 1
| #define HAVE_REALLOC 1
| #define HAVE_FLOOR 1
| #define HAVE_FTIME 1
| #define HAVE_GETHOSTBYNAME 1
| #define HAVE_GETHOSTNAME 1
| #define HAVE_MEMSET 1
| #define HAVE_POW 1
| #define HAVE_SQRT 1
| #define HAVE_STRCASECMP 1
| #define HAVE_STRNCASECMP 1
| #define HAVE_STRSTR 1
| #define HAVE_STRTOL 1
| #define HAVE_PTHREAD_H 1
| #define HAVE_LIBPTHREAD 1
| #define HAVE_GMP_H 1
| #define HAVE_LIBGMP 1
| #define HAVE_LIBBOOST_THREAD 1
| #define HAVE_LIBBOOST_REGEX 1
| #define HAVE_LIBBOOST_SYSTEM 1
| /* end confdefs.h.  */
| 
| 
| int
| main ()
| {
| return main ();
|   ;
|   return 0;
| }
configure:5745: result: no
configure:5756: checking for main in -lboost_date_time
configure:5775: g++ -o conftest -g -O2   conftest.cpp -lboost_date_time  -lboost_system -lboost_regex -lboost_thread -lgmp -lpthread  -lxml2 >&5
configure:5775: $? = 0
configure:5784: result: yes
configure:5804: checking for main in -lboost_filesystem-gcc-mt
configure:5823: g++ -o conftest -g -O2   conftest.cpp -lboost_filesystem-gcc-mt  -lboost_date_time -lboost_system -lboost_regex -lboost_thread -lgmp -lpthread  -lxml2 >&5
/usr/bin/ld: cannot find -lboost_filesystem-gcc-mt
collect2: error: ld returned 1 exit status
configure:5823: $? = 1
configure: failed program was:
| /* confdefs.h */
| #define PACKAGE_NAME "otserv"
| #define PACKAGE_TARNAME "otserv"
| #define PACKAGE_VERSION "0.6.3.SVN"
| #define PACKAGE_STRING "otserv 0.6.3.SVN"
| #define PACKAGE_BUGREPORT ""
| #define PACKAGE_URL ""
| #define PACKAGE "otserv"
| #define VERSION "0.6.3.SVN"
| #define STDC_HEADERS 1
| #define HAVE_SYS_TYPES_H 1
| #define HAVE_SYS_STAT_H 1
| #define HAVE_STDLIB_H 1
| #define HAVE_STRING_H 1
| #define HAVE_MEMORY_H 1
| #define HAVE_STRINGS_H 1
| #define HAVE_INTTYPES_H 1
| #define HAVE_STDINT_H 1
| #define HAVE_UNISTD_H 1
| #define HAVE_ARPA_INET_H 1
| #define HAVE_NETDB_H 1
| #define HAVE_NETINET_IN_H 1
| #define HAVE_STDDEF_H 1
| #define HAVE_STDINT_H 1
| #define HAVE_STDLIB_H 1
| #define HAVE_SYS_SOCKET_H 1
| #define HAVE_SYS_TIMEB_H 1
| #define HAVE_PTRDIFF_T 1
| #define HAVE_STDLIB_H 1
| #define HAVE_MALLOC 1
| #define HAVE_STDLIB_H 1
| #define HAVE_REALLOC 1
| #define HAVE_FLOOR 1
| #define HAVE_FTIME 1
| #define HAVE_GETHOSTBYNAME 1
| #define HAVE_GETHOSTNAME 1
| #define HAVE_MEMSET 1
| #define HAVE_POW 1
| #define HAVE_SQRT 1
| #define HAVE_STRCASECMP 1
| #define HAVE_STRNCASECMP 1
| #define HAVE_STRSTR 1
| #define HAVE_STRTOL 1
| #define HAVE_PTHREAD_H 1
| #define HAVE_LIBPTHREAD 1
| #define HAVE_GMP_H 1
| #define HAVE_LIBGMP 1
| #define HAVE_LIBBOOST_THREAD 1
| #define HAVE_LIBBOOST_REGEX 1
| #define HAVE_LIBBOOST_SYSTEM 1
| #define HAVE_LIBBOOST_DATE_TIME 1
| /* end confdefs.h.  */
| 
| 
| int
| main ()
| {
| return main ();
|   ;
|   return 0;
| }
configure:5832: result: no
configure:5843: checking for main in -lboost_filesystem-mt
configure:5862: g++ -o conftest -g -O2   conftest.cpp -lboost_filesystem-mt  -lboost_date_time -lboost_system -lboost_regex -lboost_thread -lgmp -lpthread  -lxml2 >&5
/usr/bin/ld: cannot find -lboost_filesystem-mt
collect2: error: ld returned 1 exit status
configure:5862: $? = 1
configure: failed program was:
| /* confdefs.h */
| #define PACKAGE_NAME "otserv"
| #define PACKAGE_TARNAME "otserv"
| #define PACKAGE_VERSION "0.6.3.SVN"
| #define PACKAGE_STRING "otserv 0.6.3.SVN"
| #define PACKAGE_BUGREPORT ""
| #define PACKAGE_URL ""
| #define PACKAGE "otserv"
| #define VERSION "0.6.3.SVN"
| #define STDC_HEADERS 1
| #define HAVE_SYS_TYPES_H 1
| #define HAVE_SYS_STAT_H 1
| #define HAVE_STDLIB_H 1
| #define HAVE_STRING_H 1
| #define HAVE_MEMORY_H 1
| #define HAVE_STRINGS_H 1
| #define HAVE_INTTYPES_H 1
| #define HAVE_STDINT_H 1
| #define HAVE_UNISTD_H 1
| #define HAVE_ARPA_INET_H 1
| #define HAVE_NETDB_H 1
| #define HAVE_NETINET_IN_H 1
| #define HAVE_STDDEF_H 1
| #define HAVE_STDINT_H 1
| #define HAVE_STDLIB_H 1
| #define HAVE_SYS_SOCKET_H 1
| #define HAVE_SYS_TIMEB_H 1
| #define HAVE_PTRDIFF_T 1
| #define HAVE_STDLIB_H 1
| #define HAVE_MALLOC 1
| #define HAVE_STDLIB_H 1
| #define HAVE_REALLOC 1
| #define HAVE_FLOOR 1
| #define HAVE_FTIME 1
| #define HAVE_GETHOSTBYNAME 1
| #define HAVE_GETHOSTNAME 1
| #define HAVE_MEMSET 1
| #define HAVE_POW 1
| #define HAVE_SQRT 1
| #define HAVE_STRCASECMP 1
| #define HAVE_STRNCASECMP 1
| #define HAVE_STRSTR 1
| #define HAVE_STRTOL 1
| #define HAVE_PTHREAD_H 1
| #define HAVE_LIBPTHREAD 1
| #define HAVE_GMP_H 1
| #define HAVE_LIBGMP 1
| #define HAVE_LIBBOOST_THREAD 1
| #define HAVE_LIBBOOST_REGEX 1
| #define HAVE_LIBBOOST_SYSTEM 1
| #define HAVE_LIBBOOST_DATE_TIME 1
| /* end confdefs.h.  */
| 
| 
| int
| main ()
| {
| return main ();
|   ;
|   return 0;
| }
configure:5871: result: no
configure:5882: checking for main in -lboost_filesystem
configure:5901: g++ -o conftest -g -O2   conftest.cpp -lboost_filesystem  -lboost_date_time -lboost_system -lboost_regex -lboost_thread -lgmp -lpthread  -lxml2 >&5
configure:5901: $? = 0
configure:5910: result: yes
configure:5934: checking boost/asio.hpp usability
configure:5934: g++ -c -g -O2  conftest.cpp >&5
configure:5934: $? = 0
configure:5934: result: yes
configure:5934: checking boost/asio.hpp presence
configure:5934: g++ -E  conftest.cpp
configure:5934: $? = 0
configure:5934: result: yes
configure:5934: checking for boost/asio.hpp
configure:5934: result: yes
configure:6002: checking for pkg-config
configure:6020: found /usr/bin/pkg-config
configure:6032: result: /usr/bin/pkg-config
configure:6057: checking pkg-config is at least version 0.9.0
configure:6060: result: yes
configure:6070: checking for LUA
configure:6077: $PKG_CONFIG --exists --print-errors "lua5.1 >= 5.1"
configure:6080: $? = 0
configure:6094: $PKG_CONFIG --exists --print-errors "lua5.1 >= 5.1"
configure:6097: $? = 0
configure:6247: result: yes
configure:6258: checking mysql/mysql.h usability
configure:6258: g++ -c -g -O2  conftest.cpp >&5
configure:6258: $? = 0
configure:6258: result: yes
configure:6258: checking mysql/mysql.h presence
configure:6258: g++ -E  conftest.cpp
configure:6258: $? = 0
configure:6258: result: yes
configure:6258: checking for mysql/mysql.h
configure:6258: result: yes
configure:6274: checking for main in -lmysqlclient
configure:6293: g++ -o conftest -g -O2   conftest.cpp -lmysqlclient  -lboost_filesystem -lboost_date_time -lboost_system -lboost_regex -lboost_thread -lgmp -lpthread  -lxml2 >&5
configure:6293: $? = 0
configure:6302: result: yes
configure:6706: checking that generated files are newer than configure
configure:6712: result: done
configure:6779: creating ./config.status

## ---------------------- ##
## Running config.status. ##
## ---------------------- ##

This file was extended by otserv config.status 0.6.3.SVN, which was
generated by GNU Autoconf 2.69.  Invocation command line was

  CONFIG_FILES    = 
  CONFIG_HEADERS  = 
  CONFIG_LINKS    = 
  CONFIG_COMMANDS = 
  $ ./config.status 

on debian

config.status:916: creating Makefile
config.status:916: creating config.h
config.status:1145: executing depfiles commands

## ---------------- ##
## Cache variables. ##
## ---------------- ##

ac_cv_c_const=yes
ac_cv_c_inline=inline
ac_cv_c_int16_t=yes
ac_cv_c_int32_t=yes
ac_cv_c_int64_t=yes
ac_cv_c_uint16_t=yes
ac_cv_c_uint32_t=yes
ac_cv_c_uint64_t=yes
ac_cv_c_uint8_t=yes
ac_cv_cxx_compiler_gnu=yes
ac_cv_env_CCC_set=
ac_cv_env_CCC_value=
ac_cv_env_CPPFLAGS_set=
ac_cv_env_CPPFLAGS_value=
ac_cv_env_CXXCPP_set=
ac_cv_env_CXXCPP_value=
ac_cv_env_CXXFLAGS_set=
ac_cv_env_CXXFLAGS_value=
ac_cv_env_CXX_set=
ac_cv_env_CXX_value=
ac_cv_env_LDFLAGS_set=
ac_cv_env_LDFLAGS_value=
ac_cv_env_LIBS_set=
ac_cv_env_LIBS_value=
ac_cv_env_LUA_CFLAGS_set=
ac_cv_env_LUA_CFLAGS_value=
ac_cv_env_LUA_LIBS_set=
ac_cv_env_LUA_LIBS_value=
ac_cv_env_PKG_CONFIG_LIBDIR_set=
ac_cv_env_PKG_CONFIG_LIBDIR_value=
ac_cv_env_PKG_CONFIG_PATH_set=
ac_cv_env_PKG_CONFIG_PATH_value=
ac_cv_env_PKG_CONFIG_set=
ac_cv_env_PKG_CONFIG_value=
ac_cv_env_build_alias_set=
ac_cv_env_build_alias_value=
ac_cv_env_host_alias_set=
ac_cv_env_host_alias_value=
ac_cv_env_target_alias_set=
ac_cv_env_target_alias_value=
ac_cv_func_floor=yes
ac_cv_func_ftime=yes
ac_cv_func_gethostbyname=yes
ac_cv_func_gethostname=yes
ac_cv_func_malloc_0_nonnull=yes
ac_cv_func_memcmp_working=yes
ac_cv_func_memset=yes
ac_cv_func_pow=yes
ac_cv_func_realloc_0_nonnull=yes
ac_cv_func_sqrt=yes
ac_cv_func_strcasecmp=yes
ac_cv_func_strncasecmp=yes
ac_cv_func_strstr=yes
ac_cv_func_strtol=yes
ac_cv_header_arpa_inet_h=yes
ac_cv_header_boost_asio_hpp=yes
ac_cv_header_gmp_h=yes
ac_cv_header_inttypes_h=yes
ac_cv_header_memory_h=yes
ac_cv_header_mysql_mysql_h=yes
ac_cv_header_netdb_h=yes
ac_cv_header_netinet_in_h=yes
ac_cv_header_pthread_h=yes
ac_cv_header_stdbool_h=no
ac_cv_header_stdc=yes
ac_cv_header_stddef_h=yes
ac_cv_header_stdint_h=yes
ac_cv_header_stdlib_h=yes
ac_cv_header_string_h=yes
ac_cv_header_strings_h=yes
ac_cv_header_sys_socket_h=yes
ac_cv_header_sys_stat_h=yes
ac_cv_header_sys_timeb_h=yes
ac_cv_header_sys_types_h=yes
ac_cv_header_unistd_h=yes
ac_cv_lib_boost_date_time_gcc_mt_main=no
ac_cv_lib_boost_date_time_main=yes
ac_cv_lib_boost_date_time_mt_main=no
ac_cv_lib_boost_filesystem_gcc_mt_main=no
ac_cv_lib_boost_filesystem_main=yes
ac_cv_lib_boost_filesystem_mt_main=no
ac_cv_lib_boost_regex_gcc_mt_main=no
ac_cv_lib_boost_regex_main=yes
ac_cv_lib_boost_regex_mt_main=no
ac_cv_lib_boost_system_gcc_mt_main=no
ac_cv_lib_boost_system_main=yes
ac_cv_lib_boost_system_mt_main=no
ac_cv_lib_boost_thread_gcc_mt_main=no
ac_cv_lib_boost_thread_main=yes
ac_cv_lib_boost_thread_mt_main=no
ac_cv_lib_gmp___gmpz_init2=yes
ac_cv_lib_mysqlclient_main=yes
ac_cv_lib_pthread_pthread_create=yes
ac_cv_objext=o
ac_cv_path_EGREP='/bin/grep -E'
ac_cv_path_GREP=/bin/grep
ac_cv_path_XML2_CONFIG=/usr/bin/xml2-config
ac_cv_path_ac_pt_PKG_CONFIG=/usr/bin/pkg-config
ac_cv_path_install='/usr/bin/install -c'
ac_cv_path_mkdir=/bin/mkdir
ac_cv_prog_AWK=gawk
ac_cv_prog_CXXCPP='g++ -E'
ac_cv_prog_ac_ct_CXX=g++
ac_cv_prog_cxx_g=yes
ac_cv_prog_make_make_set=yes
ac_cv_struct_tm=time.h
ac_cv_type__Bool=no
ac_cv_type_ptrdiff_t=yes
ac_cv_type_size_t=yes
am_cv_CXX_dependencies_compiler_type=gcc3
am_cv_make_support_nested_variables=yes
pkg_cv_LUA_CFLAGS=-I/usr/include/lua5.1
pkg_cv_LUA_LIBS=-llua5.1

## ----------------- ##
## Output variables. ##
## ----------------- ##

ACLOCAL='${SHELL} /home/nostalgix/source/missing aclocal-1.15'
AMDEPBACKSLASH='\'
AMDEP_FALSE='#'
AMDEP_TRUE=''
AMTAR='$${TAR-tar}'
AM_BACKSLASH='\'
AM_DEFAULT_V='$(AM_DEFAULT_VERBOSITY)'
AM_DEFAULT_VERBOSITY='1'
AM_V='$(V)'
AUTOCONF='${SHELL} /home/nostalgix/source/missing autoconf'
AUTOHEADER='${SHELL} /home/nostalgix/source/missing autoheader'
AUTOMAKE='${SHELL} /home/nostalgix/source/missing automake-1.15'
AWK='gawk'
CPPFLAGS=''
CXX='g++'
CXXCPP='g++ -E'
CXXDEPMODE='depmode=gcc3'
CXXFLAGS='-g -O2'
CYGPATH_W='echo'
DEBUG_FLAGS=''
DEFS='-DHAVE_CONFIG_H'
DEPDIR='.deps'
ECHO_C=''
ECHO_N='-n'
ECHO_T=''
EGREP='/bin/grep -E'
EXEEXT=''
GREP='/bin/grep'
INSTALL_DATA='${INSTALL} -m 644'
INSTALL_PROGRAM='${INSTALL}'
INSTALL_SCRIPT='${INSTALL}'
INSTALL_STRIP_PROGRAM='$(install_sh) -c -s'
LDFLAGS=''
LIBOBJS=''
LIBS='-lmysqlclient -lboost_filesystem -lboost_date_time -lboost_system -lboost_regex -lboost_thread -lgmp -lpthread  -lxml2'
LTLIBOBJS=''
LUA_CFLAGS='-I/usr/include/lua5.1'
LUA_LIBS='-llua5.1'
MAKEINFO='${SHELL} /home/nostalgix/source/missing makeinfo'
MKDIR_P='/bin/mkdir -p'
MYSQL_FLAGS='-D__USE_MYSQL__'
MYSQL_LIBS='-lmysqlclient'
OBJEXT='o'
ODBC_FLAGS=''
ODBC_LIBS=''
OPTIONAL_FLAGS=' -D__ENABLE_SERVER_DIAGNOSTIC__'
PACKAGE='otserv'
PACKAGE_BUGREPORT=''
PACKAGE_NAME='otserv'
PACKAGE_STRING='otserv 0.6.3.SVN'
PACKAGE_TARNAME='otserv'
PACKAGE_URL=''
PACKAGE_VERSION='0.6.3.SVN'
PATH_SEPARATOR=':'
PGSQL_FLAGS=''
PGSQL_LIBS=''
PKG_CONFIG='/usr/bin/pkg-config'
PKG_CONFIG_LIBDIR=''
PKG_CONFIG_PATH=''
PROFILER_FLAGS=''
SET_MAKE=''
SHELL='/bin/bash'
SQLITE_FLAGS=''
SQLITE_LIBS=''
STRIP=''
USE_MYSQL_FALSE='#'
USE_MYSQL_TRUE=''
USE_ODBC_FALSE=''
USE_ODBC_TRUE='#'
USE_PGSQL_FALSE=''
USE_PGSQL_TRUE='#'
USE_SQLITE_FALSE=''
USE_SQLITE_TRUE='#'
VERSION='0.6.3.SVN'
XML2_CONFIG='/usr/bin/xml2-config'
XML_CPPFLAGS='-I/usr/include/libxml2'
XML_LIBS='-lxml2'
ac_ct_CXX='g++'
am__EXEEXT_FALSE=''
am__EXEEXT_TRUE='#'
am__fastdepCXX_FALSE='#'
am__fastdepCXX_TRUE=''
am__include='include'
am__isrc=''
am__leading_dot='.'
am__nodep='_no'
am__quote=''
am__tar='$${TAR-tar} chof - "$$tardir"'
am__untar='$${TAR-tar} xf -'
bindir='${exec_prefix}/bin'
build_alias=''
datadir='${datarootdir}'
datarootdir='${prefix}/share'
docdir='${datarootdir}/doc/${PACKAGE_TARNAME}'
dvidir='${docdir}'
exec_prefix='${prefix}'
host_alias=''
htmldir='${docdir}'
includedir='${prefix}/include'
infodir='${datarootdir}/info'
install_sh='${SHELL} /home/nostalgix/source/install-sh'
libdir='${exec_prefix}/lib'
libexecdir='${exec_prefix}/libexec'
localedir='${datarootdir}/locale'
localstatedir='${prefix}/var'
mandir='${datarootdir}/man'
mkdir_p='$(MKDIR_P)'
oldincludedir='/usr/include'
pdfdir='${docdir}'
prefix='/usr/local'
program_transform_name='s,x,x,'
psdir='${docdir}'
runstatedir='${localstatedir}/run'
sbindir='${exec_prefix}/sbin'
sharedstatedir='${prefix}/com'
sysconfdir='${prefix}/etc'
target_alias=''

## ----------- ##
## confdefs.h. ##
## ----------- ##

/* confdefs.h */
#define PACKAGE_NAME "otserv"
#define PACKAGE_TARNAME "otserv"
#define PACKAGE_VERSION "0.6.3.SVN"
#define PACKAGE_STRING "otserv 0.6.3.SVN"
#define PACKAGE_BUGREPORT ""
#define PACKAGE_URL ""
#define PACKAGE "otserv"
#define VERSION "0.6.3.SVN"
#define STDC_HEADERS 1
#define HAVE_SYS_TYPES_H 1
#define HAVE_SYS_STAT_H 1
#define HAVE_STDLIB_H 1
#define HAVE_STRING_H 1
#define HAVE_MEMORY_H 1
#define HAVE_STRINGS_H 1
#define HAVE_INTTYPES_H 1
#define HAVE_STDINT_H 1
#define HAVE_UNISTD_H 1
#define HAVE_ARPA_INET_H 1
#define HAVE_NETDB_H 1
#define HAVE_NETINET_IN_H 1
#define HAVE_STDDEF_H 1
#define HAVE_STDINT_H 1
#define HAVE_STDLIB_H 1
#define HAVE_SYS_SOCKET_H 1
#define HAVE_SYS_TIMEB_H 1
#define HAVE_PTRDIFF_T 1
#define HAVE_STDLIB_H 1
#define HAVE_MALLOC 1
#define HAVE_STDLIB_H 1
#define HAVE_REALLOC 1
#define HAVE_FLOOR 1
#define HAVE_FTIME 1
#define HAVE_GETHOSTBYNAME 1
#define HAVE_GETHOSTNAME 1
#define HAVE_MEMSET 1
#define HAVE_POW 1
#define HAVE_SQRT 1
#define HAVE_STRCASECMP 1
#define HAVE_STRNCASECMP 1
#define HAVE_STRSTR 1
#define HAVE_STRTOL 1
#define HAVE_PTHREAD_H 1
#define HAVE_LIBPTHREAD 1
#define HAVE_GMP_H 1
#define HAVE_LIBGMP 1
#define HAVE_LIBBOOST_THREAD 1
#define HAVE_LIBBOOST_REGEX 1
#define HAVE_LIBBOOST_SYSTEM 1
#define HAVE_LIBBOOST_DATE_TIME 1
#define HAVE_LIBBOOST_FILESYSTEM 1
#define HAVE_BOOST_ASIO_HPP 1
#define HAVE_MYSQL_MYSQL_H 1
#define HAVE_LIBMYSQLCLIENT 1

configure: exit 0
